{"C:\\Users\\Kieran\\Desktop\\Dev\\projects\\my-portfolio\\src\\toggleClassHandler.js": {"path":"C:\\Users\\Kieran\\Desktop\\Dev\\projects\\my-portfolio\\src\\toggleClassHandler.js","statementMap":{"0":{"start":{"line":1,"column":34},"end":{"line":8,"column":1}},"1":{"start":{"line":2,"column":24},"end":{"line":2,"column":60}},"2":{"start":{"line":3,"column":4},"end":{"line":7,"column":5}},"3":{"start":{"line":4,"column":8},"end":{"line":4,"column":15}},"4":{"start":{"line":6,"column":8},"end":{"line":6,"column":74}},"5":{"start":{"line":6,"column":37},"end":{"line":6,"column":72}},"6":{"start":{"line":10,"column":24},"end":{"line":10,"column":57}},"7":{"start":{"line":10,"column":31},"end":{"line":10,"column":57}}},"fnMap":{"0":{"name":"(anonymous_0)","decl":{"start":{"line":1,"column":34},"end":{"line":1,"column":35}},"loc":{"start":{"line":1,"column":62},"end":{"line":8,"column":1}},"line":1},"1":{"name":"(anonymous_1)","decl":{"start":{"line":6,"column":31},"end":{"line":6,"column":32}},"loc":{"start":{"line":6,"column":37},"end":{"line":6,"column":72}},"line":6},"2":{"name":"(anonymous_2)","decl":{"start":{"line":10,"column":24},"end":{"line":10,"column":25}},"loc":{"start":{"line":10,"column":31},"end":{"line":10,"column":57}},"line":10}},"branchMap":{"0":{"loc":{"start":{"line":3,"column":4},"end":{"line":7,"column":5}},"type":"if","locations":[{"start":{"line":3,"column":4},"end":{"line":7,"column":5}},{"start":{"line":3,"column":4},"end":{"line":7,"column":5}}],"line":3},"1":{"loc":{"start":{"line":3,"column":8},"end":{"line":3,"column":83}},"type":"binary-expr","locations":[{"start":{"line":3,"column":8},"end":{"line":3,"column":37}},{"start":{"line":3,"column":41},"end":{"line":3,"column":67}},{"start":{"line":3,"column":71},"end":{"line":3,"column":83}}],"line":3}},"s":{"0":1,"1":4,"2":4,"3":3,"4":1,"5":2,"6":1,"7":5},"f":{"0":4,"1":2,"2":5},"b":{"0":[3,1],"1":[4,3,2]},"_coverageSchema":"1a1c01bbd47fc00a2c39e90264f33305004495a9","hash":"304cf8a4fa40916e5240b1a9a79952b276336f91"}
}
